<?xml version="1.0" encoding="UTF-8"?>
<!-- Generated by org.testng.reporters.JUnitXMLReporter -->
<testsuite ignored="0" hostname="DESKTOP-V77G50P" failures="0" tests="2" name="Test Runner Chrome" time="7.434" errors="0" timestamp="2023-04-03T20:32:24 IST">
  <testcase classname="Vtiger.GenericUtilities.BaseClass" name="@BeforeTest bcConfig" time="7.259">
    <failure type="org.openqa.selenium.remote.http.ConnectionFailedException" message="Unable to establish websocket connection to http://localhost:59913/devtools/browser/80a35609-3b8c-444a-9316-d8bd5ce53b42
Build info: version: &amp;apos;4.4.0&amp;apos;, revision: &amp;apos;e5c75ed026a&amp;apos;
System info: host: &amp;apos;DESKTOP-V77G50P&amp;apos;, ip: &amp;apos;192.168.48.1&amp;apos;, os.name: &amp;apos;Windows 10&amp;apos;, os.arch: &amp;apos;amd64&amp;apos;, os.version: &amp;apos;10.0&amp;apos;, java.version: &amp;apos;17.0.6&amp;apos;
Driver info: driver.version: ChromeDriver">
      <![CDATA[org.openqa.selenium.remote.http.ConnectionFailedException: Unable to establish websocket connection to http://localhost:59913/devtools/browser/80a35609-3b8c-444a-9316-d8bd5ce53b42
Build info: version: '4.4.0', revision: 'e5c75ed026a'
System info: host: 'DESKTOP-V77G50P', ip: '192.168.48.1', os.name: 'Windows 10', os.arch: 'amd64', os.version: '10.0', java.version: '17.0.6'
Driver info: driver.version: ChromeDriver
at org.openqa.selenium.remote.http.netty.NettyWebSocket.<init>(NettyWebSocket.java:102)
at org.openqa.selenium.remote.http.netty.NettyWebSocket.lambda$create$3(NettyWebSocket.java:128)
at org.openqa.selenium.remote.http.netty.NettyClient.openSocket(NettyClient.java:106)
at org.openqa.selenium.devtools.Connection.<init>(Connection.java:77)
at org.openqa.selenium.chromium.ChromiumDriver.lambda$new$2(ChromiumDriver.java:116)
at java.base/java.util.Optional.map(Optional.java:260)
at org.openqa.selenium.chromium.ChromiumDriver.<init>(ChromiumDriver.java:114)
at org.openqa.selenium.chrome.ChromeDriver.<init>(ChromeDriver.java:81)
at org.openqa.selenium.chrome.ChromeDriver.<init>(ChromeDriver.java:49)
at Vtiger.GenericUtilities.BaseClass.bcConfig(BaseClass.java:58)
at java.base/java.util.concurrent.FutureTask.run(FutureTask.java:264)
at java.base/java.util.concurrent.ThreadPoolExecutor.runWorker(ThreadPoolExecutor.java:1136)
at java.base/java.util.concurrent.ThreadPoolExecutor$Worker.run(ThreadPoolExecutor.java:635)
at java.base/java.lang.Thread.run(Thread.java:833)
... Removed 15 stack frames]]>
    </failure>
  </testcase> <!-- @BeforeTest bcConfig -->
  <testcase classname="Vtiger.GenericUtilities.BaseClass" name="@BeforeMethod bmConfig" time="-1.680534144276E9">
    <skipped/>
  </testcase> <!-- @BeforeMethod bmConfig -->
  <testcase classname="Vtiger.GenericUtilities.BaseClass" name="@AfterMethod amConfig" time="-1.68053414429E9">
    <skipped/>
  </testcase> <!-- @AfterMethod amConfig -->
  <testcase classname="Vtiger.GenericUtilities.BaseClass" name="@BeforeMethod bmConfig" time="-1.680534144294E9">
    <skipped/>
  </testcase> <!-- @BeforeMethod bmConfig -->
  <testcase classname="Vtiger.GenericUtilities.BaseClass" name="@AfterMethod amConfig" time="-1.680534144304E9">
    <skipped/>
  </testcase> <!-- @AfterMethod amConfig -->
  <testcase classname="Vtiger.GenericUtilities.BaseClass" name="@AfterTest acConfig" time="-1.680534144312E9">
    <skipped/>
  </testcase> <!-- @AfterTest acConfig -->
  <testcase classname="vtiger.OrganizationTests.CreateOrganizationWithBaseClass" name="CreateOrganizationTest" time="0.0">
    <skipped/>
  </testcase> <!-- CreateOrganizationTest -->
  <testcase classname="vtiger.OrganizationTests.CreateOrganizationWithBaseClass" name="demo" time="0.0">
    <skipped/>
  </testcase> <!-- demo -->
</testsuite> <!-- Test Runner Chrome -->
